2026-03-24 10:59:47 [parliament] === 议会队列检查 ===
2026-03-24 10:59:47 [parliament] 当前主持人: Λ
2026-03-24 10:59:50 [parliament] === 议会队列检查 ===
2026-03-24 10:59:50 [parliament] 当前主持人: Λ
2026-03-24 10:59:55 [parliament] === 议会队列检查 ===
2026-03-24 10:59:55 [parliament] 当前主持人: Λ
2026-03-24 11:00:05 [parliament] === 议会队列检查 ===
2026-03-24 11:00:05 [parliament] 当前主持人: Λ
2026-03-24 11:00:42 [parliament] === 议会队列检查 ===
2026-03-24 11:00:42 [parliament] 当前主持人: Λ
2026-03-24 11:00:42 [parliament] 无待处理议题
2026-03-24 11:00:42 [parliament] 队列积压: 7 项
2026-03-24 11:00:42 [parliament] === 检查完成 ===
2026-03-24 11:01:11 [parliament] === 议会队列检查 ===
2026-03-24 11:01:11 [parliament] 当前主持人: Λ
2026-03-24 11:01:11 [parliament] 📋 处理议题: ---
2026-03-24 11:01:17 [parliament] === 议会队列检查 ===
2026-03-24 11:01:17 [parliament] 当前主持人: Λ
2026-03-24 11:01:17 [parliament] 无待处理议题
2026-03-24 11:01:17 [parliament] 队列积压: 7 项
2026-03-24 11:01:17 [parliament] === 检查完成 ===
2026-03-24 11:02:23 [parliament] === 议会队列检查 ===
2026-03-24 11:02:23 [parliament] 当前主持人: Λ
2026-03-24 11:02:23 [parliament] 无待处理议题
2026-03-24 11:02:23 [parliament] 🔄 主持人轮转: Λ → Φ
2026-03-24 11:02:23 [parliament] 队列积压: 7 项
2026-03-24 11:02:23 [parliament] === 检查完成 ===
2026-03-24 11:02:54 [parliament] === 议会队列检查 ===
2026-03-24 11:02:54 [parliament] 当前主持人: Φ
2026-03-24 11:02:55 [parliament] 无待处理议题
2026-03-24 11:02:55 [parliament] 队列积压: 7 项
2026-03-24 11:02:55 [parliament] === 检查完成 ===
2026-03-24 11:09:40 [parliament] === 议会队列检查 ===
2026-03-24 11:09:40 [parliament] 当前主持人: Φ
2026-03-24 11:09:40 [parliament] 无待处理议题
2026-03-24 11:09:40 [parliament] 队列积压: 7 项
2026-03-24 11:09:40 [parliament] === 检查完成 ===
2026-03-24 11:34:41 [parliament] === 议会队列检查 ===
2026-03-24 11:34:41 [parliament] 当前主持人: Φ
2026-03-24 11:34:41 [parliament] 无待处理议题
2026-03-24 11:34:41 [parliament] 🔄 主持人轮转: Φ → Δ
2026-03-24 11:34:41 [parliament] 队列积压: 7 项
2026-03-24 11:34:41 [parliament] === 检查完成 ===
2026-03-24 12:30:01 [parliament] === 议会队列检查 ===
2026-03-24 12:30:01 [parliament] 当前主持人: Δ
NO_PENDING
2026-03-24 12:30:01 [parliament] 无待处理议题
2026-03-24 12:30:01 [parliament] 队列积压: 7 项
2026-03-24 12:30:01 [parliament] === 检查完成 ===
2026-03-24 12:40:01 [parliament] === 议会队列检查 ===
2026-03-24 12:40:01 [parliament] 当前主持人: Δ
NO_PENDING
2026-03-24 12:40:01 [parliament] 无待处理议题
2026-03-24 12:40:01 [parliament] 队列积压: 7 项
2026-03-24 12:40:01 [parliament] === 检查完成 ===
2026-03-24 12:50:01 [parliament] === 议会队列检查 ===
2026-03-24 12:50:01 [parliament] 当前主持人: Δ
NO_PENDING
2026-03-24 12:50:01 [parliament] 无待处理议题
2026-03-24 12:50:01 [parliament] 🔄 主持人轮转: Δ → Θ
2026-03-24 12:50:01 [parliament] 队列积压: 7 项
2026-03-24 12:50:01 [parliament] === 检查完成 ===
2026-03-24 13:00:02 [parliament] === 议会队列检查 ===
2026-03-24 13:00:02 [parliament] 当前主持人: Θ
NO_PENDING
2026-03-24 13:00:02 [parliament] 无待处理议题
2026-03-24 13:00:02 [parliament] 队列积压: 7 项
2026-03-24 13:00:02 [parliament] === 检查完成 ===
2026-03-24 19:04:37 [parliament] === 议会队列检查 ===
2026-03-24 19:04:37 [parliament] 当前主持人: Θ
ISSUE_FOUND:# Xuzhi 系统议会 - 议题登记簿
# 格式：每议题块之间用空行分隔，块内最后一行必须是: 状态: processing/processing/done

2026-03-24 19:04:37 [parliament] 无待处理议题
2026-03-24 19:04:37 [parliament] 队列积压: 7 项
2026-03-24 19:04:37 [parliament] === 检查完成 ===
