开始抓取: Quanta (https://www.quantamagazine.org/feed)
完成抓取: Quanta (获取到 5 条, 耗时 1.0s)
  - Quanta 贡献 5 条
开始抓取: Edge (https://www.edge.org/feed)
完成抓取: Edge (获取到 3 条, 耗时 0.9s)
  - Edge 贡献 3 条
开始抓取: Nature (https://www.nature.com/nature.rss)
完成抓取: Nature (获取到 75 条, 耗时 1.1s)
  - Nature 贡献 5 条
开始抓取: IMF 数据 (https://www.imf.org/en/Data)
完成抓取: IMF 数据 (获取到 0 条, 耗时 4.3s)
  - IMF 数据 贡献 0 条
开始抓取: Wired (https://www.wired.com/feed/rss)
完成抓取: Wired (获取到 50 条, 耗时 0.6s)
  - Wired 贡献 5 条
开始抓取: arXiv_AI (https://arxiv.org/rss/cs.AI)
完成抓取: arXiv_AI (获取到 554 条, 耗时 2.3s)
  - arXiv_AI 贡献 5 条
开始抓取: 国家统计局 (https://data.stats.gov.cn/easyquery.htm)
完成抓取: 国家统计局 (获取到 0 条, 耗时 0.4s)
  - 国家统计局 贡献 0 条
开始抓取: Aeon (https://aeon.co/feed.rss)
完成抓取: Aeon (获取到 20 条, 耗时 0.3s)
  - Aeon 贡献 5 条
开始抓取: MIT_TechnologyReview (https://www.technologyreview.com/feed)
完成抓取: MIT_TechnologyReview (获取到 10 条, 耗时 0.5s)
  - MIT_TechnologyReview 贡献 5 条
开始抓取: arXiv Computer Science (https://arxiv.org/rss/cs)
完成抓取: arXiv Computer Science (获取到 1844 条, 耗时 19.7s)
  - arXiv Computer Science 贡献 5 条
✅ 种子文件已生成: /home/summer/xuzhi_genesis/centers/intelligence/seeds/2026-03-24_120002_seeds.md
