bash: /home/summer/.xuzhi_memory/self_sustaining_loop.sh: No such file or directory
07:46:11 === 自维持 · Λ (dept=engineering) ===
07:46:11 ⏭️ 已有进行中任务，跳过生成
07:46:11 → 下轮 Φ
07:46:11 === 自维持完成 ===
07:58:22 === 自维持 · Φ (dept=engineering) ===
07:58:22 ⏭️ 已有进行中任务，跳过生成
07:58:22 → 下轮 Δ
07:58:22 === 自维持完成 ===
08:00:01 === 自维持 · Δ (dept=engineering) ===
08:00:02 ⏭️ 已有进行中任务，跳过生成
08:00:02 → 下轮 Θ
08:00:02 === 自维持完成 ===
08:12:27 === 自维持 · Θ (dept=intelligence) ===
08:12:27 ⏭️ 已有进行中任务，跳过生成
08:12:27 → 下轮 Γ
08:12:27 === 自维持完成 ===
08:20:02 === 自维持 · Γ (dept=intelligence) ===
08:20:02 ⏭️ 已有进行中任务，跳过生成
08:20:02 → 下轮 Ω
08:20:02 === 自维持完成 ===
08:30:01 === 自维持 · Ω (dept=mind) ===
08:30:01 ⏭️ 已有进行中任务，跳过生成
08:30:01 → 下轮 Ψ
08:30:01 === 自维持完成 ===
08:40:01 === 自维持 · Ψ (dept=philosophy) ===
08:40:01 ⏭️ 已有进行中任务，跳过生成
08:40:01 → 下轮 Λ
08:40:01 === 自维持完成 ===
08:50:01 === 自维持 · Λ (dept=engineering) ===
08:50:01 ⏭️ 已有进行中任务，跳过生成
08:50:01 → 下轮 Φ
08:50:01 === 自维持完成 ===
09:00:03 === 自维持 · Φ (dept=engineering) ===
09:00:03 ⏭️ 已有进行中任务，跳过生成
09:00:03 → 下轮 Δ
09:00:03 === 自维持完成 ===
09:10:02 === 自维持 · Δ (dept=engineering) ===
09:10:02 ⏭️ 已有进行中任务，跳过生成
09:10:02 → 下轮 Θ
09:10:02 === 自维持完成 ===
09:20:03 === 自维持 · Θ (dept=intelligence) ===
09:20:03 ⏭️ 已有进行中任务，跳过生成
09:20:03 → 下轮 Γ
09:20:03 === 自维持完成 ===
09:30:01 === 自维持 · Γ (dept=intelligence) ===
09:30:01 ⏭️ 已有进行中任务，跳过生成
09:30:01 → 下轮 Ω
09:30:01 === 自维持完成 ===
09:40:02 === 自维持 · Ω (dept=mind) ===
09:40:02 ⏭️ 已有进行中任务，跳过生成
09:40:02 → 下轮 Ψ
09:40:02 === 自维持完成 ===
09:50:02 === 自维持 · Ψ (dept=philosophy) ===
09:50:02 ⏭️ 已有进行中任务，跳过生成
09:50:02 → 下轮 Λ
09:50:02 === 自维持完成 ===
10:00:01 === 自维持 · Λ (dept=engineering) ===
10:00:01 ⏭️ 已有进行中任务，跳过生成
10:00:01 → 下轮 Φ
10:00:01 === 自维持完成 ===
10:10:01 === 自维持 · Φ (dept=engineering) ===
10:10:01 ⏭️ 已有进行中任务，跳过生成
10:10:01 → 下轮 Δ
10:10:01 === 自维持完成 ===
10:20:01 === 自维持 · Δ (dept=engineering) ===
10:20:02 ⚠️ 生成失败，跳过
10:20:02 → 下轮 Θ
10:20:02 === 自维持完成 ===
10:30:02 === 自维持 · Θ (dept=intelligence) ===
10:30:02 ⚠️ 生成失败，跳过
10:30:02 → 下轮 Γ
10:30:02 === 自维持完成 ===
10:38:14 === 自维持 · Γ (dept=intelligence) ===
10:38:14 ⚠️ 生成失败，跳过
10:38:14 → 下轮 Ω
10:38:14 === 自维持完成 ===
10:38:53 === 自维持 · Ω (dept=mind) ===
10:38:53 ⚠️ 生成失败，跳过
10:38:53 → 下轮 Ψ
10:38:53 === 自维持完成 ===
10:39:07 === 自维持 · Ψ (dept=philosophy) ===
10:39:07 ⚠️ 生成失败，跳过
10:39:07 → 下轮 Λ
10:39:07 === 自维持完成 ===
10:40:02 === 自维持 · Λ (dept=engineering) ===
10:40:02 ⚠️ 生成失败，跳过
10:40:02 → 下轮 Φ
10:40:02 === 自维持完成 ===
10:44:27 === 自维持 · Φ (dept=engineering) ===
10:44:27 ⚠️ 生成失败，跳过
10:44:27 → 下轮 Δ
10:44:27 === 自维持完成 ===
10:45:26 === 自维持 · Δ (dept=engineering) ===
10:45:26 ⚠️ 生成失败，跳过
10:45:27 → 下轮 Θ
10:45:27 === 自维持完成 ===
10:48:12 === 自维持 · Θ (dept=intelligence) ===
10:48:12 ⚠️ 生成失败，跳过
10:48:12 → 下轮 Γ
10:48:12 === 自维持完成 ===
10:49:10 === 自维持 · Γ (dept=intelligence) ===
10:49:11 ⚠️ 生成失败，跳过
10:49:11 → 下轮 Ω
10:49:11 === 自维持完成 ===
10:50:01 === 自维持 · Ω (dept=mind) ===
10:50:01 ⚠️ 生成失败，跳过
10:50:01 → 下轮 Ψ
10:50:01 === 自维持完成 ===
10:50:08 === 自维持 · Ψ (dept=philosophy) ===
10:50:08 ⚠️ 生成失败，跳过
10:50:08 → 下轮 Λ
10:50:08 === 自维持完成 ===
10:50:48 === 自维持 · Λ (dept=engineering) ===
10:50:48 ⚠️ 生成失败，跳过
10:50:48 → 下轮 Φ
10:50:48 === 自维持完成 ===
10:52:01 === 自维持 · Φ (dept=engineering) ===
10:52:01 ⚠️ 生成失败，跳过
10:52:01 → 下轮 Δ
10:52:01 === 自维持完成 ===
10:56:11 === 自维持 · Δ (dept=engineering) ===
10:56:12 ✅ 生成任务 (Δ/engineering) ID=task_86
10:56:12 → 下轮 Θ
10:56:12 === 自维持完成 ===
10:56:20 === 自维持 · Θ (dept=intelligence) ===
10:56:21 ✅ 生成任务 (Θ/intelligence) ID=task_87
10:56:21 → 下轮 Γ
10:56:21 === 自维持完成 ===
10:57:15 === 自维持 · Γ (dept=intelligence) ===
10:57:16 ✅ 生成任务 (Γ/intelligence) ID=task_102
10:57:16 → 下轮 Ω
10:57:16 === 自维持完成 ===
10:57:16 === 自维持 · Ω (dept=mind) ===
10:57:17 ✅ 生成任务 (Ω/mind) ID=task_103
10:57:17 → 下轮 Ψ
10:57:17 === 自维持完成 ===
10:57:17 === 自维持 · Ψ (dept=philosophy) ===
10:57:17 ✅ 生成任务 (Ψ/philosophy) ID=task_104
10:57:17 → 下轮 Λ
10:57:17 === 自维持完成 ===
10:57:18 === 自维持 · Λ (dept=engineering) ===
10:57:18 ✅ 生成任务 (Λ/engineering) ID=task_105
10:57:18 → 下轮 Φ
10:57:18 === 自维持完成 ===
10:57:19 === 自维持 · Φ (dept=engineering) ===
10:57:19 ✅ 生成任务 (Φ/engineering) ID=task_106
10:57:19 → 下轮 Δ
10:57:19 === 自维持完成 ===
10:57:38 === 自维持 · Δ (dept=engineering) ===
10:57:38 ✅ 生成任务 (Δ/engineering) ID=task_107
10:57:38 → 下轮 Θ
10:57:38 === 自维持完成 ===
11:00:01 === 自维持 · Θ (dept=intelligence) ===
11:00:01 ✅ 生成任务 (Θ/intelligence) ID=task_108
11:00:01 → 下轮 Γ
11:00:01 === 自维持完成 ===
11:02:54 === 自维持 · Γ (dept=intelligence) ===
11:02:54 ✅ 生成任务 (Γ/intelligence) ID=task_109
11:02:54 → 下轮 Ω
11:02:54 === 自维持完成 ===
11:09:40 === 自维持 · Ω (dept=mind) ===
11:09:40 ✅ 生成任务 (Ω/mind) ID=task_110
11:09:40 → 下轮 Ψ
11:09:40 === 自维持完成 ===
11:10:02 === 自维持 · Ψ (dept=philosophy) ===
11:10:02 ✅ 生成任务 (Ψ/philosophy) ID=task_111
11:10:02 → 下轮 Λ
11:10:02 === 自维持完成 ===
11:20:01 === 自维持 · Λ (dept=engineering) ===
11:20:01 ✅ 生成任务 (Λ/engineering) ID=task_112
11:20:01 → 下轮 Φ
11:20:01 === 自维持完成 ===
11:30:01 === 自维持 · Φ (dept=engineering) ===
11:30:01 ✅ 生成任务 (Φ/engineering) ID=task_113
11:30:01 → 下轮 Δ
11:30:01 === 自维持完成 ===
11:40:01 === 自维持 · Δ (dept=engineering) ===
11:40:01 ✅ 生成任务 (Δ/engineering) ID=task_114
11:40:01 → 下轮 Θ
11:40:01 === 自维持完成 ===
11:50:01 === 自维持 · Θ (dept=intelligence) ===
11:50:01 ✅ 生成任务 (Θ/intelligence) ID=task_115
11:50:01 → 下轮 Γ
11:50:01 === 自维持完成 ===
12:00:02 === 自维持 · Γ (dept=intelligence) ===
12:00:02 ✅ 生成任务 (Γ/intelligence) ID=task_116
12:00:02 → 下轮 Ω
12:00:02 === 自维持完成 ===
12:30:01 === 自维持 · Ω (dept=mind) ===
12:30:01 ✅ 生成任务 (Ω/mind) ID=task_117
12:30:01 → 下轮 Ψ
12:30:01 === 自维持完成 ===
12:40:02 === 自维持 · Ψ (dept=philosophy) ===
12:40:02 ✅ 生成任务 (Ψ/philosophy) ID=task_118
12:40:02 → 下轮 Λ
12:40:02 === 自维持完成 ===
12:50:01 === 自维持 · Λ (dept=engineering) ===
12:50:01 ✅ 生成任务 (Λ/engineering) ID=task_119
12:50:01 → 下轮 Φ
12:50:01 === 自维持完成 ===
13:00:02 === 自维持 · Φ (dept=engineering) ===
13:00:02 ✅ 生成任务 (Φ/engineering) ID=task_120
13:00:02 → 下轮 Δ
13:00:02 === 自维持完成 ===
19:04:37 === 自维持 · Δ (dept=engineering) ===
19:04:37 ✅ 生成任务 (Δ/engineering) ID=task_122
19:04:37 → 下轮 Θ
19:04:37 === 自维持完成 ===
19:10:05 === 自维持 · Θ (dept=intelligence) ===
19:10:05 ✅ 生成任务 (Θ/intelligence) ID=task_123
19:10:05 → 下轮 Γ
19:10:05 === 自维持完成 ===
19:20:03 === 自维持 · Γ (dept=intelligence) ===
19:20:03 ✅ 生成任务 (Γ/intelligence) ID=task_124
19:20:03 → 下轮 Ω
19:20:03 === 自维持完成 ===
19:30:06 === 自维持 · Ω (dept=mind) ===
19:30:06 ✅ 生成任务 (Ω/mind) ID=task_125
19:30:06 → 下轮 Ψ
19:30:06 === 自维持完成 ===
19:34:26 === 自维持 · Ψ (dept=philosophy) ===
19:34:26 ✅ 生成任务 (Ψ/philosophy) ID=task_126
19:34:26 → 下轮 Λ
19:34:26 === 自维持完成 ===
19:34:33 === 自维持 · Λ (dept=engineering) ===
19:34:33 ✅ 生成任务 (Λ/engineering) ID=task_127
19:34:33 → 下轮 Φ
19:34:33 === 自维持完成 ===
19:34:54 === 自维持 · Φ (dept=engineering) ===
19:34:54 ✅ 生成任务 (Φ/engineering) ID=task_128
19:34:54 → 下轮 Δ
19:34:54 === 自维持完成 ===
19:35:20 === 自维持 · Δ (dept=engineering) ===
19:35:20 ✅ 生成任务 (Δ/engineering) ID=task_129
19:35:20 → 下轮 Θ
19:35:20 === 自维持完成 ===
19:40:06 === 自维持 · Θ (dept=intelligence) ===
19:40:06 ⚠️ 生成失败，跳过
19:40:06 → 下轮 Γ
19:40:06 === 自维持完成 ===
19:50:03 === 自维持 · Γ (dept=intelligence) ===
19:50:04 ⚠️ 生成失败，跳过
19:50:04 → 下轮 Ω
19:50:04 === 自维持完成 ===
20:00:03 === 自维持 · Ω (dept=mind) ===
20:00:04 ⚠️ 生成失败，跳过
20:00:04 → 下轮 Ψ
20:00:04 === 自维持完成 ===
20:10:06 === 自维持 · Ψ (dept=philosophy) ===
20:10:07 ⚠️ 生成失败，跳过
20:10:07 → 下轮 Λ
20:10:07 === 自维持完成 ===
20:20:03 === 自维持 · Λ (dept=engineering) ===
20:20:04 ⚠️ 生成失败，跳过
20:20:04 → 下轮 Φ
20:20:04 === 自维持完成 ===
20:30:06 === 自维持 · Φ (dept=engineering) ===
20:30:06 ⚠️ 生成失败，跳过
20:30:06 → 下轮 Δ
20:30:06 === 自维持完成 ===
20:40:04 === 自维持 · Δ (dept=engineering) ===
20:40:04 ⚠️ 生成失败，跳过
20:40:04 → 下轮 Θ
20:40:04 === 自维持完成 ===
20:43:13 === 自维持 · Θ (dept=intelligence) ===
20:43:13 ⚠️ 生成失败，跳过
20:43:13 → 下轮 Γ
20:43:13 === 自维持完成 ===
20:50:07 === 自维持 · Γ (dept=intelligence) ===
20:50:07 ⚠️ 生成失败，跳过
20:50:07 → 下轮 Ω
20:50:07 === 自维持完成 ===
21:00:04 === 自维持 · Ω (dept=mind) ===
21:00:05 ⚠️ 生成失败，跳过
21:00:05 → 下轮 Ψ
21:00:05 === 自维持完成 ===
21:10:05 === 自维持 · Ψ (dept=philosophy) ===
21:10:05 ⚠️ 生成失败，跳过
21:10:05 → 下轮 Λ
21:10:05 === 自维持完成 ===
21:20:03 === 自维持 · Λ (dept=engineering) ===
21:20:03 ⚠️ 生成失败，跳过
21:20:03 → 下轮 Φ
21:20:03 === 自维持完成 ===
