2026-03-24 08:12:27 [heal] 无超时 agent（<3h）
2026-03-24 08:12:27 [heal] === 完成 ===
2026-03-24 08:20:02 [heal] === Heal 检查 08:20:02 ===
2026-03-24 08:20:02 [heal] ✅ 红蓝队检查通过（无触发条件）
2026-03-24 08:20:02 [heal] Gateway: ✅
2026-03-24 08:20:02 [heal] 无超时 agent（<3h）
2026-03-24 08:20:02 [heal] === 完成 ===
2026-03-24 08:30:01 [heal] === Heal 检查 08:30:01 ===
2026-03-24 08:30:01 [heal] ✅ 红蓝队检查通过（无触发条件）
2026-03-24 08:30:01 [heal] Gateway: ✅
2026-03-24 08:30:01 [heal] 无超时 agent（<3h）
2026-03-24 08:30:01 [heal] === 完成 ===
2026-03-24 08:40:01 [heal] === Heal 检查 08:40:01 ===
2026-03-24 08:40:01 [heal] ✅ 红蓝队检查通过（无触发条件）
2026-03-24 08:40:01 [heal] Gateway: ✅
2026-03-24 08:40:01 [heal] 无超时 agent（<3h）
2026-03-24 08:40:01 [heal] === 完成 ===
2026-03-24 08:50:01 [heal] === Heal 检查 08:50:01 ===
2026-03-24 08:50:02 [heal] ✅ 红蓝队检查通过（无触发条件）
2026-03-24 08:50:02 [heal] Gateway: ✅
2026-03-24 08:50:02 [heal] 无超时 agent（<3h）
2026-03-24 08:50:02 [heal] === 完成 ===
2026-03-24 09:00:03 [heal] === Heal 检查 09:00:03 ===
2026-03-24 09:00:03 [heal] ✅ 红蓝队检查通过（无触发条件）
2026-03-24 09:00:03 [heal] Gateway: ✅
2026-03-24 09:00:03 [heal] 无超时 agent（<3h）
2026-03-24 09:00:03 [heal] === 完成 ===
2026-03-24 09:10:02 [heal] === Heal 检查 09:10:02 ===
2026-03-24 09:10:02 [heal] ✅ 红蓝队检查通过（无触发条件）
2026-03-24 09:10:02 [heal] Gateway: ✅
2026-03-24 09:10:02 [heal] 无超时 agent（<3h）
2026-03-24 09:10:02 [heal] === 完成 ===
2026-03-24 09:20:03 [heal] === Heal 检查 09:20:03 ===
2026-03-24 09:20:03 [heal] ✅ 红蓝队检查通过（无触发条件）
2026-03-24 09:20:03 [heal] Gateway: ✅
2026-03-24 09:20:03 [heal] 无超时 agent（<3h）
2026-03-24 09:20:03 [heal] === 完成 ===
2026-03-24 09:30:01 [heal] === Heal 检查 09:30:01 ===
2026-03-24 09:30:02 [heal] ✅ 红蓝队检查通过（无触发条件）
2026-03-24 09:30:02 [heal] Gateway: ✅
2026-03-24 09:30:02 [heal] 无超时 agent（<3h）
2026-03-24 09:30:02 [heal] === 完成 ===
2026-03-24 09:40:02 [heal] === Heal 检查 09:40:02 ===
2026-03-24 09:40:02 [heal] ✅ 红蓝队检查通过（无触发条件）
2026-03-24 09:40:02 [heal] Gateway: ✅
2026-03-24 09:40:02 [heal] 无超时 agent（<3h）
2026-03-24 09:40:02 [heal] === 完成 ===
2026-03-24 09:50:02 [heal] === Heal 检查 09:50:02 ===
2026-03-24 09:50:02 [heal] ✅ 红蓝队检查通过（无触发条件）
2026-03-24 09:50:02 [heal] Gateway: ✅
2026-03-24 09:50:02 [heal] 无超时 agent（<3h）
2026-03-24 09:50:02 [heal] === 完成 ===
2026-03-24 10:00:01 [heal] === Heal 检查 10:00:01 ===
2026-03-24 10:00:02 [heal] ✅ 红蓝队检查通过（无触发条件）
2026-03-24 10:00:02 [heal] Gateway: ✅
2026-03-24 10:00:02 [heal] 无超时 agent（<3h）
2026-03-24 10:00:02 [heal] === 完成 ===
2026-03-24 10:10:01 [heal] === Heal 检查 10:10:01 ===
2026-03-24 10:10:01 [heal] ✅ 红蓝队检查通过（无触发条件）
2026-03-24 10:10:01 [heal] Gateway: ✅
2026-03-24 10:10:01 [heal] 无超时 agent（<3h）
2026-03-24 10:10:01 [heal] === 完成 ===
2026-03-24 10:20:02 [heal] === Heal 检查 10:20:02 ===
2026-03-24 10:20:02 [heal] ✅ 红蓝队检查通过（无触发条件）
2026-03-24 10:20:02 [heal] Gateway: ✅
2026-03-24 10:20:02 [heal] 无超时 agent（<3h）
2026-03-24 10:20:02 [heal] === 完成 ===
2026-03-24 10:30:02 [heal] === Heal 检查 10:30:02 ===
2026-03-24 10:30:02 [heal] ✅ 红蓝队检查通过（无触发条件）
2026-03-24 10:30:02 [heal] Gateway: ✅
2026-03-24 10:30:02 [heal] 无超时 agent（<3h）
2026-03-24 10:30:02 [heal] === 完成 ===
2026-03-24 10:38:02 [heal] === Heal 检查 10:38:02 ===
2026-03-24 10:38:04 [heal] 🚨 红蓝队触发: T2:Agent不活跃率85%
2026-03-24 10:38:04 [heal] 🚨 红蓝队升级模式激活
2026-03-24 10:38:04 [heal] Gateway: ✅
none
ratings_updated
2026-03-24 10:38:04 [heal] === 完成 ===
2026-03-24 10:40:02 [heal] === Heal 检查 10:40:02 ===
2026-03-24 10:40:03 [heal] 🚨 红蓝队触发: T2:Agent不活跃率85%
2026-03-24 10:40:03 [heal] 🚨 红蓝队升级模式激活
2026-03-24 10:40:03 [heal] Gateway: ✅
none
ratings_updated
2026-03-24 10:40:03 [heal] === 完成 ===
2026-03-24 10:50:01 [heal] === Heal 检查 10:50:01 ===
2026-03-24 10:50:03 [heal] 🚨 红蓝队触发: T2:Agent不活跃率85%
2026-03-24 10:50:03 [heal] 🚨 红蓝队升级模式激活
2026-03-24 10:50:03 [heal] Gateway: ✅
none
ratings_updated
2026-03-24 10:50:03 [heal] === 完成 ===
2026-03-24 10:56:19 [heal] === Heal 检查 10:56:19 ===
2026-03-24 10:56:20 [heal] 🚨 红蓝队触发: T2:Agent不活跃率85%
2026-03-24 10:56:20 [heal] 🚨 红蓝队升级模式激活
2026-03-24 10:56:20 [heal] Gateway: ✅
none
ratings_updated
2026-03-24 10:56:20 [heal] === 完成 ===
