19:46:18 [repair] === 自动修复开始 ===
19:46:18 [repair] P1 ✅ 无重复ID
19:46:18 [repair] P3 ✅ 无卡死任务
19:46:18 [repair] === 完成: 0 项修复 ===
20:00:03 [repair] === 自动修复开始 ===
20:00:03 [repair] P1 ✅ 无重复ID
20:00:03 [repair] P3 ✅ 无卡死任务
20:00:03 [repair] === 完成: 0 项修复 ===
20:00:03 [repair] === 自动修复开始 ===
20:00:03 [repair] P1 ✅ 无重复ID
20:00:03 [repair] P3 ✅ 无卡死任务
20:00:03 [repair] === 完成: 0 项修复 ===
20:35:15 [repair] === 自动修复开始 ===
20:35:15 [repair] P1 ✅ 无重复ID
20:35:15 [repair] P3 ✅ 无卡死任务
20:35:15 [repair] === 完成: 0 项修复 ===
20:38:39 [repair] === 自动修复开始 ===
20:38:39 [repair] P1 ✅ 无重复ID
20:38:39 [repair] P3 ✅ 无卡死任务
20:38:39 [repair] P7 ✅ 无僵尸任务
20:38:39 [repair] === 完成: 0 项修复 ===
