2026-03-24 11:57:17 [exec] === 任务执行器启动 ===
2026-03-24 11:57:17 [exec] 当前等待总数: 88
2026-03-24 11:57:22 [exec] ✅ 批次派发成功: 34 65 28 37  → job=b3fef6c2-f45c-42ac-9446-236541a36bd7
2026-03-24 11:57:22 [exec] === 执行器完成 ===
2026-03-24 11:58:46 [exec] === 任务执行器启动 ===
2026-03-24 11:58:46 [exec] 当前等待总数: 88
2026-03-24 11:58:53 [exec] === 任务执行器启动 ===
2026-03-24 11:58:53 [exec] 当前等待总数: 88
2026-03-24 11:58:59 [exec] === 任务执行器启动 ===
2026-03-24 11:58:59 [exec] 当前等待总数: 88
2026-03-24 11:59:14 [exec] === 任务执行器启动 ===
2026-03-24 11:59:14 [exec] 当前等待总数: 88
2026-03-24 11:59:19 [exec] ✅ 批次派发成功: 34 65 28 37  → job=6ec6bb27-f9de-4051-9f38-d75e0b25c6eb
2026-03-24 11:59:19 [exec] === 执行器完成 ===
2026-03-24 12:00:02 [exec] === 任务执行器启动 ===
2026-03-24 12:00:02 [exec] 当前等待总数: 88
2026-03-24 12:00:06 [exec] ✅ 批次派发成功: 34 65 28 37  → job=9b5c48aa-6e46-48ae-9aab-ff34b35ef13a
2026-03-24 12:00:06 [exec] === 执行器完成 ===
2026-03-24 12:16:22 [exec] === 任务执行器启动 ===
2026-03-24 12:16:22 [exec] 选取 3 个任务，等待总数: 85
2026-03-24 12:16:22 [exec] 派发失败: Expecting value: line 1 column 1 (char 0)
2026-03-24 12:16:22 [exec] ⚠️ 本轮未能派发（等待总数: 85）
2026-03-24 12:18:52 [exec] === 任务执行器启动 ===
2026-03-24 12:18:52 [exec] 选取 3 个任务（等待总数: 84）
2026-03-24 12:18:55 [exec] ✅ cron execution agent 创建成功: 309a1279-394f-4e8e-b6fa-cefbba3a24bb
2026-03-24 12:18:55 [exec] === 执行器完成 ===
