2026-03-24 08:12:27 === 统一调度 08:12:27 ===
2026-03-24 08:12:27 议会: 有议题
2026-03-24 08:12:27 === 完成 ===
2026-03-24 08:20:02 === 统一调度 08:20:02 ===
2026-03-24 08:20:02 议会: 有议题
2026-03-24 08:20:02 === 完成 ===
2026-03-24 08:30:01 === 统一调度 08:30:01 ===
2026-03-24 08:30:01 议会: 有议题
2026-03-24 08:30:01 === 完成 ===
2026-03-24 08:40:01 === 统一调度 08:40:01 ===
2026-03-24 08:40:01 议会: 有议题
2026-03-24 08:40:01 === 完成 ===
2026-03-24 08:50:01 === 统一调度 08:50:01 ===
2026-03-24 08:50:01 议会: 有议题
2026-03-24 08:50:02 === 完成 ===
2026-03-24 09:00:03 === 统一调度 09:00:03 ===
2026-03-24 09:00:03 议会: 有议题
2026-03-24 09:00:03 === 完成 ===
2026-03-24 09:10:02 === 统一调度 09:10:02 ===
2026-03-24 09:10:02 议会: 有议题
2026-03-24 09:10:02 === 完成 ===
2026-03-24 09:20:03 === 统一调度 09:20:03 ===
2026-03-24 09:20:03 议会: 有议题
2026-03-24 09:20:03 === 完成 ===
2026-03-24 09:30:01 === 统一调度 09:30:01 ===
2026-03-24 09:30:01 议会: 有议题
2026-03-24 09:30:02 === 完成 ===
2026-03-24 09:40:02 === 统一调度 09:40:02 ===
2026-03-24 09:40:02 议会: 有议题
2026-03-24 09:40:02 === 完成 ===
2026-03-24 09:50:02 === 统一调度 09:50:02 ===
2026-03-24 09:50:02 议会: 有议题
2026-03-24 09:50:02 === 完成 ===
2026-03-24 10:00:01 === 统一调度 10:00:01 ===
2026-03-24 10:00:01 议会: 有议题
2026-03-24 10:00:02 === 完成 ===
2026-03-24 10:10:01 === 统一调度 10:10:01 ===
2026-03-24 10:10:01 议会: 有议题
2026-03-24 10:10:01 === 完成 ===
2026-03-24 10:20:01 === 统一调度 10:20:01 ===
2026-03-24 10:20:01 议会: 有议题
2026-03-24 10:20:02 === 完成 ===
2026-03-24 10:30:01 === 统一调度 10:30:01 ===
2026-03-24 10:30:01 议会: 有议题
2026-03-24 10:30:02 === 完成 ===
2026-03-24 10:40:02 === 统一调度 10:40:02 ===
2026-03-24 10:40:02 议会: 有议题
2026-03-24 10:40:03 === 完成 ===
2026-03-24 10:50:01 === 统一调度 10:50:01 ===
2026-03-24 10:50:01 议会: 有议题
2026-03-24 10:50:03 === 完成 ===
2026-03-24 11:00:01 === 统一调度 11:00:01 ===
2026-03-24 11:00:01 议会: 有议题
2026-03-24 11:00:02 === 完成 ===
2026-03-24 11:10:01 === 统一调度 11:10:01 ===
2026-03-24 11:10:01 议会: 有议题
2026-03-24 11:10:03 === 完成 ===
2026-03-24 11:20:01 === 统一调度 11:20:01 ===
2026-03-24 11:20:01 议会: 有议题
2026-03-24 11:20:02 === 完成 ===
2026-03-24 11:30:01 === 统一调度 11:30:01 ===
2026-03-24 11:30:01 议会: 有议题
2026-03-24 11:30:03 === 完成 ===
2026-03-24 11:40:01 === 统一调度 11:40:01 ===
2026-03-24 11:40:01 议会: 有议题
2026-03-24 11:40:03 === 完成 ===
2026-03-24 11:50:01 === 统一调度 11:50:01 ===
2026-03-24 11:50:01 议会: 有议题
2026-03-24 11:50:02 === 完成 ===
2026-03-24 12:00:02 === 统一调度 12:00:02 ===
2026-03-24 12:00:02 议会: 有议题
2026-03-24 12:00:03 === 完成 ===
2026-03-24 12:30:01 === 统一调度 12:30:01 ===
2026-03-24 12:30:02 执行层: 触发任务派发
2026-03-24 12:30:06 === 完成 ===
2026-03-24 12:40:01 === 统一调度 12:40:01 ===
2026-03-24 12:40:03 === 完成 ===
2026-03-24 12:50:01 === 统一调度 12:50:01 ===
2026-03-24 12:50:02 === 完成 ===
2026-03-24 13:00:02 === 统一调度 13:00:02 ===
2026-03-24 13:00:03 === 完成 ===
2026-03-24 19:04:37 === 统一调度 19:04:37 ===
2026-03-24 19:04:39 执行层: 触发任务派发
2026-03-24 19:04:43 === 完成 ===
2026-03-24 19:10:05 === 统一调度 19:10:05 ===
2026-03-24 19:10:07 === 完成 ===
2026-03-24 19:20:03 === 统一调度 19:20:03 ===
2026-03-24 19:20:05 === 完成 ===
2026-03-24 19:30:06 === 统一调度 19:30:06 ===
2026-03-24 19:30:07 === 完成 ===
2026-03-24 19:35:20 === 统一调度 19:35:20 ===
2026-03-24 19:35:21 执行层: 触发任务派发
2026-03-24 19:35:24 === 完成 ===
2026-03-24 19:40:06 === 统一调度 19:40:06 ===
2026-03-24 19:40:08 === 完成 ===
2026-03-24 19:50:03 === 统一调度 19:50:03 ===
2026-03-24 19:50:05 === 完成 ===
2026-03-24 20:00:03 === 统一调度 20:00:03 ===
2026-03-24 20:00:05 === 完成 ===
2026-03-24 20:10:06 === 统一调度 20:10:06 ===
2026-03-24 20:10:08 执行层: 触发任务派发
2026-03-24 20:10:13 === 完成 ===
2026-03-24 20:20:03 === 统一调度 20:20:03 ===
2026-03-24 20:20:05 === 完成 ===
2026-03-24 20:30:06 === 统一调度 20:30:06 ===
2026-03-24 20:30:07 === 完成 ===
2026-03-24 20:40:04 === 统一调度 20:40:04 ===
2026-03-24 20:40:06 === 完成 ===
2026-03-24 20:40:06 跳过（已有实例运行）
2026-03-24 20:43:13 === 统一调度 20:43:13 ===
2026-03-24 20:43:15 执行层: 触发任务派发
2026-03-24 20:43:20 === 完成 ===
2026-03-24 20:43:20 跳过（已有实例运行）
2026-03-24 20:50:07 === 统一调度 20:50:07 ===
2026-03-24 20:50:08 === 完成 ===
2026-03-24 20:50:08 跳过（已有实例运行）
2026-03-24 21:00:04 === 统一调度 21:00:04 ===
2026-03-24 21:00:06 === 完成 ===
2026-03-24 21:00:06 跳过（已有实例运行）
