Stale: [28, 29, 30, 31]
2026-03-24 11:36:26 [wd] 看门狗启动
2026-03-24 11:36:26 [wd] 休眠 60 秒
2026-03-24 03:36:58 [wd] ✅ Gateway 健康 (consecutive_fails=0)
2026-03-24 03:37:01 [wd] ✅ Gateway 健康 (consecutive_fails=0)
2026-03-24 03:37:01 [wd] ✅ Gateway 健康 (consecutive_fails=0)
2026-03-24 03:38:02 [wd] ✅ Gateway 健康 (consecutive_fails=0)
2026-03-24 03:38:02 [wd] ✅ Gateway 健康 (consecutive_fails=0)
2026-03-24 03:39:01 [wd] ✅ Gateway 健康 (consecutive_fails=0)
2026-03-24 03:39:01 [wd] ✅ Gateway 健康 (consecutive_fails=0)
2026-03-24 03:40:01 [wd] ✅ Gateway 健康 (consecutive_fails=0)
2026-03-24 03:40:01 [wd] ✅ Gateway 健康 (consecutive_fails=0)
2026-03-24 03:41:01 [wd] ✅ Gateway 健康 (consecutive_fails=0)
2026-03-24 03:41:01 [wd] ✅ Gateway 健康 (consecutive_fails=0)
2026-03-24 03:42:01 [wd] ✅ Gateway 健康 (consecutive_fails=0)
2026-03-24 03:42:01 [wd] ✅ Gateway 健康 (consecutive_fails=0)
2026-03-24 03:43:02 [wd] ✅ Gateway 健康 (consecutive_fails=0)
2026-03-24 03:43:02 [wd] ✅ Gateway 健康 (consecutive_fails=0)
2026-03-24 03:44:01 [wd] ✅ Gateway 健康 (consecutive_fails=0)
2026-03-24 03:44:01 [wd] ✅ Gateway 健康 (consecutive_fails=0)
2026-03-24 03:45:01 [wd] ✅ Gateway 健康 (consecutive_fails=0)
2026-03-24 03:45:01 [wd] ✅ Gateway 健康 (consecutive_fails=0)
2026-03-24 03:46:02 [wd] ✅ Gateway 健康 (consecutive_fails=0)
2026-03-24 03:46:02 [wd] ✅ Gateway 健康 (consecutive_fails=0)
2026-03-24 03:47:01 [wd] ✅ Gateway 健康 (consecutive_fails=0)
2026-03-24 03:47:01 [wd] ✅ Gateway 健康 (consecutive_fails=0)
2026-03-24 03:48:01 [wd] ✅ Gateway 健康 (consecutive_fails=0)
2026-03-24 03:48:01 [wd] ✅ Gateway 健康 (consecutive_fails=0)
2026-03-24 03:49:02 [wd] ✅ Gateway 健康 (consecutive_fails=0)
2026-03-24 03:49:02 [wd] ✅ Gateway 健康 (consecutive_fails=0)
2026-03-24 03:50:01 [wd] ✅ Gateway 健康 (consecutive_fails=0)
2026-03-24 03:50:01 [wd] ✅ Gateway 健康 (consecutive_fails=0)
2026-03-24 03:51:02 [wd] ✅ Gateway 健康 (consecutive_fails=0)
2026-03-24 03:51:02 [wd] ✅ Gateway 健康 (consecutive_fails=0)
2026-03-24 03:52:01 [wd] ✅ Gateway 健康 (consecutive_fails=0)
2026-03-24 03:52:01 [wd] ✅ Gateway 健康 (consecutive_fails=0)
2026-03-24 03:53:01 [wd] ✅ Gateway 健康 (consecutive_fails=0)
2026-03-24 03:53:01 [wd] ✅ Gateway 健康 (consecutive_fails=0)
2026-03-24 03:54:02 [wd] ✅ Gateway 健康 (consecutive_fails=0)
2026-03-24 03:54:02 [wd] ✅ Gateway 健康 (consecutive_fails=0)
2026-03-24 03:55:01 [wd] ✅ Gateway 健康 (consecutive_fails=0)
2026-03-24 03:55:01 [wd] ✅ Gateway 健康 (consecutive_fails=0)
2026-03-24 03:56:01 [wd] ✅ Gateway 健康 (consecutive_fails=0)
2026-03-24 03:56:01 [wd] ✅ Gateway 健康 (consecutive_fails=0)
2026-03-24 03:57:02 [wd] ✅ Gateway 健康 (consecutive_fails=0)
2026-03-24 03:57:02 [wd] ✅ Gateway 健康 (consecutive_fails=0)
2026-03-24 03:58:01 [wd] ✅ Gateway 健康 (consecutive_fails=0)
2026-03-24 03:58:01 [wd] ✅ Gateway 健康 (consecutive_fails=0)
2026-03-24 03:59:01 [wd] ✅ Gateway 健康 (consecutive_fails=0)
2026-03-24 03:59:01 [wd] ✅ Gateway 健康 (consecutive_fails=0)
2026-03-24 04:00:02 [wd] ✅ Gateway 健康 (consecutive_fails=0)
2026-03-24 04:00:02 [wd] ✅ Gateway 健康 (consecutive_fails=0)
2026-03-24 04:01:01 [wd] ✅ Gateway 健康 (consecutive_fails=0)
2026-03-24 04:01:01 [wd] ✅ Gateway 健康 (consecutive_fails=0)
2026-03-24 04:02:01 [wd] ✅ Gateway 健康 (consecutive_fails=0)
2026-03-24 04:02:01 [wd] ✅ Gateway 健康 (consecutive_fails=0)
2026-03-24 04:03:02 [wd] ✅ Gateway 健康 (consecutive_fails=0)
2026-03-24 04:03:02 [wd] ✅ Gateway 健康 (consecutive_fails=0)
2026-03-24 04:04:01 [wd] ✅ Gateway 健康 (consecutive_fails=0)
2026-03-24 04:04:01 [wd] ✅ Gateway 健康 (consecutive_fails=0)
2026-03-24 04:23:02 [wd] ✅ Gateway 健康 (consecutive_fails=0)
2026-03-24 04:23:02 [wd] ✅ Gateway 健康 (consecutive_fails=0)
2026-03-24 04:24:01 [wd] ✅ Gateway 健康 (consecutive_fails=0)
2026-03-24 04:24:01 [wd] ✅ Gateway 健康 (consecutive_fails=0)
2026-03-24 04:25:01 [wd] ✅ Gateway 健康 (consecutive_fails=0)
2026-03-24 04:25:01 [wd] ✅ Gateway 健康 (consecutive_fails=0)
2026-03-24 04:26:02 [wd] ✅ Gateway 健康 (consecutive_fails=0)
2026-03-24 04:26:02 [wd] ✅ Gateway 健康 (consecutive_fails=0)
2026-03-24 04:27:01 [wd] ✅ Gateway 健康 (consecutive_fails=0)
2026-03-24 04:27:01 [wd] ✅ Gateway 健康 (consecutive_fails=0)
2026-03-24 04:28:01 [wd] ✅ Gateway 健康 (consecutive_fails=0)
2026-03-24 04:28:01 [wd] ✅ Gateway 健康 (consecutive_fails=0)
2026-03-24 04:29:02 [wd] ✅ Gateway 健康 (consecutive_fails=0)
2026-03-24 04:29:02 [wd] ✅ Gateway 健康 (consecutive_fails=0)
2026-03-24 04:30:01 [wd] ✅ Gateway 健康 (consecutive_fails=0)
2026-03-24 04:30:01 [wd] ✅ Gateway 健康 (consecutive_fails=0)
2026-03-24 04:32:02 [wd] ✅ Gateway 健康 (consecutive_fails=0)
2026-03-24 04:32:02 [wd] ✅ Gateway 健康 (consecutive_fails=0)
2026-03-24 04:33:01 [wd] ✅ Gateway 健康 (consecutive_fails=0)
2026-03-24 04:33:01 [wd] ✅ Gateway 健康 (consecutive_fails=0)
2026-03-24 04:34:01 [wd] ✅ Gateway 健康 (consecutive_fails=0)
2026-03-24 04:34:01 [wd] ✅ Gateway 健康 (consecutive_fails=0)
2026-03-24 04:35:02 [wd] ✅ Gateway 健康 (consecutive_fails=0)
2026-03-24 04:35:02 [wd] ✅ Gateway 健康 (consecutive_fails=0)
2026-03-24 04:36:01 [wd] ✅ Gateway 健康 (consecutive_fails=0)
2026-03-24 04:36:01 [wd] ✅ Gateway 健康 (consecutive_fails=0)
2026-03-24 04:37:01 [wd] ✅ Gateway 健康 (consecutive_fails=0)
2026-03-24 04:37:01 [wd] ✅ Gateway 健康 (consecutive_fails=0)
2026-03-24 04:38:02 [wd] ✅ Gateway 健康 (consecutive_fails=0)
2026-03-24 04:38:02 [wd] ✅ Gateway 健康 (consecutive_fails=0)
2026-03-24 04:39:01 [wd] ✅ Gateway 健康 (consecutive_fails=0)
2026-03-24 04:39:01 [wd] ✅ Gateway 健康 (consecutive_fails=0)
2026-03-24 04:40:01 [wd] ✅ Gateway 健康 (consecutive_fails=0)
2026-03-24 04:40:01 [wd] ✅ Gateway 健康 (consecutive_fails=0)
2026-03-24 04:41:01 [wd] ✅ Gateway 健康 (consecutive_fails=0)
2026-03-24 04:41:01 [wd] ✅ Gateway 健康 (consecutive_fails=0)
2026-03-24 04:42:02 [wd] ✅ Gateway 健康 (consecutive_fails=0)
2026-03-24 04:42:02 [wd] ✅ Gateway 健康 (consecutive_fails=0)
2026-03-24 04:43:01 [wd] ✅ Gateway 健康 (consecutive_fails=0)
2026-03-24 04:43:01 [wd] ✅ Gateway 健康 (consecutive_fails=0)
2026-03-24 04:44:01 [wd] ✅ Gateway 健康 (consecutive_fails=0)
2026-03-24 04:44:01 [wd] ✅ Gateway 健康 (consecutive_fails=0)
2026-03-24 04:45:02 [wd] ✅ Gateway 健康 (consecutive_fails=0)
2026-03-24 04:45:02 [wd] ✅ Gateway 健康 (consecutive_fails=0)
2026-03-24 04:46:01 [wd] ✅ Gateway 健康 (consecutive_fails=0)
2026-03-24 04:46:01 [wd] ✅ Gateway 健康 (consecutive_fails=0)
2026-03-24 04:47:02 [wd] ✅ Gateway 健康 (consecutive_fails=0)
2026-03-24 04:47:02 [wd] ✅ Gateway 健康 (consecutive_fails=0)
2026-03-24 04:48:01 [wd] ❌ Gateway 检查失败 (连续第 1 次)
2026-03-24 04:48:01 [wd] ❌ Gateway 检查失败 (连续第 1 次)
2026-03-24 04:49:01 [wd] ❌ Gateway 检查失败 (连续第 2 次)
2026-03-24 04:49:01 [wd] ❌ Gateway 检查失败 (连续第 2 次)
2026-03-24 04:49:01 [wd] 🚨 连续失败达到阈值，执行 Gateway 重启
2026-03-24 04:49:01 [wd] 🚨 连续失败达到阈值，执行 Gateway 重启
2026-03-24 04:49:03 [wd] ✅ 重启命令已发送 (exit=1)
2026-03-24 04:49:03 [wd] ✅ 重启命令已发送 (exit=1)
2026-03-24 04:50:01 [wd] ✅ Gateway 健康 (consecutive_fails=0)
2026-03-24 04:50:01 [wd] ✅ Gateway 健康 (consecutive_fails=0)
2026-03-24 04:51:02 [wd] ✅ Gateway 健康 (consecutive_fails=0)
2026-03-24 04:51:02 [wd] ✅ Gateway 健康 (consecutive_fails=0)
2026-03-24 04:52:01 [wd] ❌ Gateway 检查失败 (连续第 1 次)
2026-03-24 04:52:01 [wd] ❌ Gateway 检查失败 (连续第 1 次)
2026-03-24 04:53:01 [wd] ✅ Gateway 恢复（之前连续失败 1 次）
2026-03-24 04:53:01 [wd] ✅ Gateway 恢复（之前连续失败 1 次）
2026-03-24 04:53:01 [wd] ✅ Gateway 健康 (consecutive_fails=0)
2026-03-24 04:53:01 [wd] ✅ Gateway 健康 (consecutive_fails=0)
2026-03-24 04:54:02 [wd] ❌ Gateway 检查失败 (连续第 1 次)
2026-03-24 04:54:02 [wd] ❌ Gateway 检查失败 (连续第 1 次)
2026-03-24 04:55:01 [wd] ✅ Gateway 恢复（之前连续失败 1 次）
2026-03-24 04:55:01 [wd] ✅ Gateway 恢复（之前连续失败 1 次）
2026-03-24 04:55:01 [wd] ✅ Gateway 健康 (consecutive_fails=0)
2026-03-24 04:55:01 [wd] ✅ Gateway 健康 (consecutive_fails=0)
2026-03-24 04:56:01 [wd] ✅ Gateway 健康 (consecutive_fails=0)
2026-03-24 04:56:01 [wd] ✅ Gateway 健康 (consecutive_fails=0)
2026-03-24 04:57:02 [wd] ✅ Gateway 健康 (consecutive_fails=0)
2026-03-24 04:57:02 [wd] ✅ Gateway 健康 (consecutive_fails=0)
2026-03-24 04:58:01 [wd] ✅ Gateway 健康 (consecutive_fails=0)
2026-03-24 04:58:01 [wd] ✅ Gateway 健康 (consecutive_fails=0)
2026-03-24 04:59:01 [wd] ✅ Gateway 健康 (consecutive_fails=0)
2026-03-24 04:59:01 [wd] ✅ Gateway 健康 (consecutive_fails=0)
2026-03-24 05:00:02 [wd] ✅ Gateway 健康 (consecutive_fails=0)
2026-03-24 05:00:02 [wd] ✅ Gateway 健康 (consecutive_fails=0)
